[Error  :   BepInEx] Unable to start Unity log writer
[Message:   BepInEx] BepInEx 5.4.23.3 - PEAK (2025/9/29 21:09:24)
[Info   :   BepInEx] Running under Unity v6000.0.36.10478517
[Info   :   BepInEx] CLR runtime version: 4.0.30319.42000
[Info   :   BepInEx] Supports SRE: True
[Info   :   BepInEx] System platform: Bits64, Windows
[Message:   BepInEx] Preloader started
[Info   :   BepInEx] Loaded 1 patcher method from [BepInEx.Preloader 5.4.23.3]
[Info   :   BepInEx] Loaded 1 patcher method from [BepInEx.MonoMod.AutoHookGenPatcher 1.0.7.0]
[Info   :   BepInEx] Loaded 1 patcher method from [Hamunii.DetourContext.Dispose_Fix 1.0.5.0]
[Info   :   BepInEx] 3 patcher plugins loaded
[Info   :   BepInEx] Patching [UnityEngine.CoreModule] with [BepInEx.Chainloader]
[Message:   BepInEx] Preloader finished
[Message:   BepInEx] Chainloader ready
[Message:   BepInEx] Chainloader started
[Info   :   BepInEx] 8 plugins to load
[Info   :   BepInEx] Loading [Reconnect Catchup 1.0.0]
[Info   :Reconnect Catchup] Reconnect Catchup is loaded!
[Info   :   BepInEx] Loading [ItemStats 0.3.1]
[Info   : ItemStats] Plugin ItemStats is loaded!
[Info   :   BepInEx] Loading [StaminaStats 1.1.5]
[Info   :StaminaStats] Plugin StaminaStats v1.1.5 loaded
[Info   :   BepInEx] Loading [Campfire Respawn 1.0.9]
[Info   :Campfire Respawn] Campfire Respawn v1.0.9 loaded successfully!篝火复活MOD v1.0.9 已加载!
[Info   :   BepInEx] Loading [ThirdPersonToggle 1.0.10]
[Info   :   BepInEx] Loading [EasyBackpack 1.1.1]
[Info   :EasyBackpack] Creating config entries
[Info   :EasyBackpack] Hooking BackpackWheel.Update
[Info   :   BepInEx] Loading [PeakStats 0.2.0]
[Info   : PeakStats] Creating config entries
[Message: PeakStats] Hooking GUIManager.Start
[Info   :   BepInEx] Loading [PlayerDistanceDisplay 1.2.0.0]
[Info   :PlayerDistanceDisplay] PlayerDistanceDisplay loaded!
[Message:   BepInEx] Chainloader startup complete
[Info   :Campfire Respawn] RunManager中添加了ReviewHandler组件
